<?xml version="1.0" encoding="UTF-8"?>
<coverage generated="1677259070791" clover="3.2.0">
  <project timestamp="1677259070792" name="All files">
    <metrics statements="12" coveredstatements="12" conditionals="0" coveredconditionals="0" methods="8" coveredmethods="8" elements="20" coveredelements="20" complexity="0" loc="12" ncloc="12" packages="1" files="1" classes="1"/>
    <file name="index.ts" path="C:\Users\adams\code\me\svg-logo-maker\src\lib\Shapes\index.ts">
      <metrics statements="12" coveredstatements="12" conditionals="0" coveredconditionals="0" methods="8" coveredmethods="8"/>
      <line num="1" count="4" type="stmt"/>
      <line num="5" count="11" type="stmt"/>
      <line num="9" count="1" type="stmt"/>
      <line num="13" count="4" type="stmt"/>
      <line num="15" count="3" type="stmt"/>
      <line num="19" count="1" type="stmt"/>
      <line num="23" count="4" type="stmt"/>
      <line num="25" count="3" type="stmt"/>
      <line num="29" count="1" type="stmt"/>
      <line num="33" count="4" type="stmt"/>
      <line num="35" count="3" type="stmt"/>
      <line num="39" count="1" type="stmt"/>
    </file>
  </project>
</coverage>
