TN:
SF:src\lib\Shapes\index.ts
FN:4,(anonymous_0)
FN:8,(anonymous_1)
FN:14,(anonymous_2)
FN:18,(anonymous_3)
FN:24,(anonymous_4)
FN:28,(anonymous_5)
FN:34,(anonymous_6)
FN:38,(anonymous_7)
FNF:8
FNH:8
FNDA:11,(anonymous_0)
FNDA:1,(anonymous_1)
FNDA:3,(anonymous_2)
FNDA:1,(anonymous_3)
FNDA:3,(anonymous_4)
FNDA:1,(anonymous_5)
FNDA:3,(anonymous_6)
FNDA:1,(anonymous_7)
DA:1,4
DA:5,11
DA:9,1
DA:13,4
DA:15,3
DA:19,1
DA:23,4
DA:25,3
DA:29,1
DA:33,4
DA:35,3
DA:39,1
LF:12
LH:12
BRF:0
BRH:0
end_of_record
